<?xml version="1.0" encoding="UTF-8"?>
<testExecutions version="1">
  <file path="D:\Repositorios Personales\CursoNodeJS\NodeJS_Group03\test\prueba.spec.ts">
  </file>
</testExecutions>